<?xml version="1.0" encoding="utf-8"?><testsuites><testsuite name="pytest" errors="0" failures="0" skipped="0" tests="5" time="2.061" timestamp="2026-09-05T17:42:30.296446+08:00" hostname="ZFX"><testcase classname="work_independent.A.tests.test_models" name="test_question1_geometry_and_velocity_constraints" time="0.044" /><testcase classname="work_independent.A.tests.test_models" name="test_question2_contact_is_bracketed" time="0.181" /><testcase classname="work_independent.A.tests.test_models" name="test_question3_limiting_configuration_and_neighboring_pitches" time="0.057" /><testcase classname="work_independent.A.tests.test_models" name="test_question4_biarc_tangency_containment_and_invariance" time="0.170" /><testcase classname="work_independent.A.tests.test_models" name="test_question4_chain_constraints" time="0.640" /></testsuite></testsuites>